{"C:\\Users\\User\\Desktop\\SE2\\src\\index.ts": {"path":"C:\\Users\\User\\Desktop\\SE2\\src\\index.ts","statementMap":{"0":{"start":{"line":1,"column":0},"end":{"line":1,"column":24}},"1":{"start":{"line":2,"column":0},"end":{"line":2,"column":44}},"2":{"start":{"line":3,"column":0},"end":{"line":3,"column":35}},"3":{"start":{"line":5,"column":17},"end":{"line":5,"column":66}},"4":{"start":{"line":8,"column":4},"end":{"line":15,"column":5}},"5":{"start":{"line":9,"column":25},"end":{"line":9,"column":49}},"6":{"start":{"line":10,"column":8},"end":{"line":12,"column":9}},"7":{"start":{"line":11,"column":12},"end":{"line":11,"column":40}},"8":{"start":{"line":14,"column":8},"end":{"line":14,"column":null}},"9":{"start":{"line":18,"column":0},"end":{"line":18,"column":7}}},"fnMap":{"0":{"name":"main","decl":{"start":{"line":7,"column":15},"end":{"line":7,"column":19}},"loc":{"start":{"line":7,"column":19},"end":{"line":16,"column":null}}}},"branchMap":{},"s":{"0":0,"1":0,"2":0,"3":0,"4":0,"5":0,"6":0,"7":0,"8":0,"9":0},"f":{"0":0},"b":{}}
,"C:\\Users\\User\\Desktop\\SE2\\src\\config\\index.ts": {"path":"C:\\Users\\User\\Desktop\\SE2\\src\\config\\index.ts","statementMap":{"0":{"start":{"line":1,"column":0},"end":{"line":1,"column":27}},"1":{"start":{"line":2,"column":0},"end":{"line":2,"column":23}},"2":{"start":{"line":4,"column":0},"end":{"line":4,"column":null}},"3":{"start":{"line":8,"column":0},"end":{"line":11,"column":null}}},"fnMap":{},"branchMap":{"0":{"loc":{"start":{"line":9,"column":14},"end":{"line":9,"column":51}},"type":"binary-expr","locations":[{"start":{"line":9,"column":14},"end":{"line":9,"column":34}},{"start":{"line":9,"column":38},"end":{"line":9,"column":51}}]}},"s":{"0":1,"1":1,"2":1,"3":1},"f":{},"b":{"0":[1,0]}}
,"C:\\Users\\User\\Desktop\\SE2\\src\\parsers\\csvparser.ts": {"path":"C:\\Users\\User\\Desktop\\SE2\\src\\parsers\\csvparser.ts","statementMap":{"0":{"start":{"line":2,"column":0},"end":{"line":2,"column":20}},"1":{"start":{"line":3,"column":0},"end":{"line":3,"column":36}},"2":{"start":{"line":6,"column":24},"end":{"line":43,"column":1}},"3":{"start":{"line":7,"column":2},"end":{"line":42,"column":5}},"4":{"start":{"line":8,"column":32},"end":{"line":8,"column":34}},"5":{"start":{"line":10,"column":35},"end":{"line":10,"column":87}},"6":{"start":{"line":12,"column":19},"end":{"line":12,"column":21}},"7":{"start":{"line":14,"column":4},"end":{"line":26,"column":7}},"8":{"start":{"line":15,"column":19},"end":{"line":15,"column":78}},"9":{"start":{"line":17,"column":20},"end":{"line":17,"column":49}},"10":{"start":{"line":18,"column":6},"end":{"line":18,"column":35}},"11":{"start":{"line":20,"column":6},"end":{"line":25,"column":9}},"12":{"start":{"line":21,"column":24},"end":{"line":22,"column":null}},"13":{"start":{"line":22,"column":10},"end":{"line":22,"column":48}},"14":{"start":{"line":24,"column":8},"end":{"line":24,"column":30}},"15":{"start":{"line":28,"column":4},"end":{"line":36,"column":7}},"16":{"start":{"line":29,"column":6},"end":{"line":34,"column":7}},"17":{"start":{"line":30,"column":24},"end":{"line":31,"column":null}},"18":{"start":{"line":31,"column":10},"end":{"line":31,"column":48}},"19":{"start":{"line":33,"column":8},"end":{"line":33,"column":30}},"20":{"start":{"line":35,"column":6},"end":{"line":35,"column":23}},"21":{"start":{"line":38,"column":4},"end":{"line":41,"column":7}},"22":{"start":{"line":39,"column":6},"end":{"line":39,"column":85}},"23":{"start":{"line":40,"column":6},"end":{"line":40,"column":20}},"24":{"start":{"line":6,"column":13},"end":{"line":6,"column":24}}},"fnMap":{"0":{"name":"(anonymous_1)","decl":{"start":{"line":6,"column":24},"end":{"line":6,"column":25}},"loc":{"start":{"line":6,"column":66},"end":{"line":43,"column":1}}},"1":{"name":"(anonymous_2)","decl":{"start":{"line":7,"column":21},"end":{"line":7,"column":22}},"loc":{"start":{"line":7,"column":41},"end":{"line":42,"column":3}}},"2":{"name":"(anonymous_3)","decl":{"start":{"line":14,"column":26},"end":{"line":14,"column":27}},"loc":{"start":{"line":14,"column":53},"end":{"line":26,"column":5}}},"3":{"name":"(anonymous_4)","decl":{"start":{"line":20,"column":20},"end":{"line":20,"column":21}},"loc":{"start":{"line":20,"column":29},"end":{"line":25,"column":7}}},"4":{"name":"(anonymous_5)","decl":{"start":{"line":21,"column":44},"end":{"line":21,"column":49}},"loc":{"start":{"line":22,"column":10},"end":{"line":22,"column":48}}},"5":{"name":"(anonymous_6)","decl":{"start":{"line":28,"column":25},"end":{"line":28,"column":28}},"loc":{"start":{"line":28,"column":30},"end":{"line":36,"column":5}}},"6":{"name":"(anonymous_7)","decl":{"start":{"line":30,"column":48},"end":{"line":30,"column":53}},"loc":{"start":{"line":31,"column":10},"end":{"line":31,"column":48}}},"7":{"name":"(anonymous_8)","decl":{"start":{"line":38,"column":27},"end":{"line":38,"column":28}},"loc":{"start":{"line":38,"column":37},"end":{"line":41,"column":5}}}},"branchMap":{"0":{"loc":{"start":{"line":15,"column":19},"end":{"line":15,"column":78}},"type":"cond-expr","locations":[{"start":{"line":15,"column":47},"end":{"line":15,"column":52}},{"start":{"line":15,"column":55},"end":{"line":15,"column":78}}]},"1":{"loc":{"start":{"line":18,"column":17},"end":{"line":18,"column":34}},"type":"binary-expr","locations":[{"start":{"line":18,"column":17},"end":{"line":18,"column":28}},{"start":{"line":18,"column":32},"end":{"line":18,"column":34}}]},"2":{"loc":{"start":{"line":29,"column":6},"end":{"line":34,"column":7}},"type":"if","locations":[{"start":{"line":29,"column":6},"end":{"line":34,"column":7}}]}},"s":{"0":1,"1":1,"2":1,"3":3,"4":3,"5":3,"6":3,"7":3,"8":1,"9":1,"10":1,"11":1,"12":5,"13":20,"14":5,"15":3,"16":2,"17":1,"18":4,"19":1,"20":2,"21":3,"22":1,"23":1,"24":1},"f":{"0":3,"1":3,"2":1,"3":5,"4":20,"5":2,"6":4,"7":1},"b":{"0":[1,0],"1":[1,0],"2":[1]}}
,"C:\\Users\\User\\Desktop\\SE2\\src\\parsers\\jsonparser.ts": {"path":"C:\\Users\\User\\Desktop\\SE2\\src\\parsers\\jsonparser.ts","statementMap":{"0":{"start":{"line":4,"column":0},"end":{"line":4,"column":22}},"1":{"start":{"line":1,"column":0},"end":{"line":1,"column":29}},"2":{"start":{"line":5,"column":2},"end":{"line":10,"column":3}},"3":{"start":{"line":6,"column":17},"end":{"line":6,"column":53}},"4":{"start":{"line":7,"column":4},"end":{"line":7,"column":28}},"5":{"start":{"line":9,"column":4},"end":{"line":9,"column":60}}},"fnMap":{"0":{"name":"parseJSON","decl":{"start":{"line":4,"column":22},"end":{"line":4,"column":31}},"loc":{"start":{"line":4,"column":48},"end":{"line":11,"column":null}}}},"branchMap":{},"s":{"0":1,"1":1,"2":3,"3":3,"4":3,"5":2},"f":{"0":3},"b":{}}
,"C:\\Users\\User\\Desktop\\SE2\\src\\parsers\\xmlparser.ts": {"path":"C:\\Users\\User\\Desktop\\SE2\\src\\parsers\\xmlparser.ts","statementMap":{"0":{"start":{"line":5,"column":0},"end":{"line":5,"column":22}},"1":{"start":{"line":1,"column":0},"end":{"line":1,"column":29}},"2":{"start":{"line":3,"column":0},"end":{"line":3,"column":44}},"3":{"start":{"line":6,"column":2},"end":{"line":12,"column":3}},"4":{"start":{"line":7,"column":20},"end":{"line":7,"column":56}},"5":{"start":{"line":8,"column":19},"end":{"line":8,"column":78}},"6":{"start":{"line":9,"column":4},"end":{"line":9,"column":18}},"7":{"start":{"line":11,"column":4},"end":{"line":11,"column":59}}},"fnMap":{"0":{"name":"parseXML","decl":{"start":{"line":5,"column":22},"end":{"line":5,"column":30}},"loc":{"start":{"line":5,"column":47},"end":{"line":13,"column":null}}}},"branchMap":{},"s":{"0":1,"1":1,"2":1,"3":3,"4":3,"5":3,"6":1,"7":2},"f":{"0":3},"b":{}}
,"C:\\Users\\User\\Desktop\\SE2\\src\\util\\logger.ts": {"path":"C:\\Users\\User\\Desktop\\SE2\\src\\util\\logger.ts","statementMap":{"0":{"start":{"line":1,"column":0},"end":{"line":1,"column":30}},"1":{"start":{"line":2,"column":0},"end":{"line":2,"column":20}},"2":{"start":{"line":3,"column":0},"end":{"line":3,"column":24}},"3":{"start":{"line":4,"column":0},"end":{"line":4,"column":30}},"4":{"start":{"line":6,"column":14},"end":{"line":6,"column":47}},"5":{"start":{"line":7,"column":15},"end":{"line":7,"column":28}},"6":{"start":{"line":10,"column":0},"end":{"line":12,"column":1}},"7":{"start":{"line":11,"column":2},"end":{"line":11,"column":23}},"8":{"start":{"line":15,"column":18},"end":{"line":19,"column":null}},"9":{"start":{"line":22,"column":22},"end":{"line":30,"column":null}},"10":{"start":{"line":27,"column":4},"end":{"line":29,"column":46}},"11":{"start":{"line":34,"column":15},"end":{"line":51,"column":2}},"12":{"start":{"line":53,"column":0},"end":{"line":53,"column":22}}},"fnMap":{"0":{"name":"(anonymous_1)","decl":{"start":{"line":26,"column":23},"end":{"line":26,"column":24}},"loc":{"start":{"line":26,"column":64},"end":{"line":30,"column":3}}}},"branchMap":{"0":{"loc":{"start":{"line":10,"column":0},"end":{"line":12,"column":1}},"type":"if","locations":[{"start":{"line":10,"column":0},"end":{"line":12,"column":1}}]},"1":{"loc":{"start":{"line":27,"column":11},"end":{"line":29,"column":45}},"type":"cond-expr","locations":[{"start":{"line":28,"column":8},"end":{"line":28,"column":55}},{"start":{"line":29,"column":8},"end":{"line":29,"column":45}}]},"2":{"loc":{"start":{"line":35,"column":8},"end":{"line":35,"column":32}},"type":"cond-expr","locations":[{"start":{"line":35,"column":16},"end":{"line":35,"column":23}},{"start":{"line":35,"column":26},"end":{"line":35,"column":32}}]},"3":{"loc":{"start":{"line":40,"column":13},"end":{"line":40,"column":37}},"type":"cond-expr","locations":[{"start":{"line":40,"column":21},"end":{"line":40,"column":28}},{"start":{"line":40,"column":31},"end":{"line":40,"column":37}}]}},"s":{"0":1,"1":1,"2":1,"3":1,"4":1,"5":1,"6":1,"7":0,"8":1,"9":1,"10":1,"11":1,"12":1},"f":{"0":1},"b":{"0":[0],"1":[0,1],"2":[0,1],"3":[0,1]}}
}
