TN:
SF:src\index.ts
FN:7,main
FNF:1
FNH:0
FNDA:0,main
DA:1,0
DA:2,0
DA:3,0
DA:5,0
DA:8,0
DA:9,0
DA:10,0
DA:11,0
DA:14,0
DA:18,0
LF:10
LH:0
BRF:0
BRH:0
end_of_record
TN:
SF:src\config\index.ts
FNF:0
FNH:0
DA:1,1
DA:2,1
DA:4,1
DA:8,1
LF:4
LH:4
BRDA:9,0,0,1
BRDA:9,0,1,0
BRF:2
BRH:1
end_of_record
TN:
SF:src\parsers\csvparser.ts
FN:6,(anonymous_1)
FN:7,(anonymous_2)
FN:14,(anonymous_3)
FN:20,(anonymous_4)
FN:21,(anonymous_5)
FN:28,(anonymous_6)
FN:30,(anonymous_7)
FN:38,(anonymous_8)
FNF:8
FNH:8
FNDA:3,(anonymous_1)
FNDA:3,(anonymous_2)
FNDA:1,(anonymous_3)
FNDA:5,(anonymous_4)
FNDA:20,(anonymous_5)
FNDA:2,(anonymous_6)
FNDA:4,(anonymous_7)
FNDA:1,(anonymous_8)
DA:2,1
DA:3,1
DA:6,1
DA:7,3
DA:8,3
DA:10,3
DA:12,3
DA:14,3
DA:15,1
DA:17,1
DA:18,1
DA:20,1
DA:21,5
DA:22,20
DA:24,5
DA:28,3
DA:29,2
DA:30,1
DA:31,4
DA:33,1
DA:35,2
DA:38,3
DA:39,1
DA:40,1
LF:24
LH:24
BRDA:15,0,0,1
BRDA:15,0,1,0
BRDA:18,1,0,1
BRDA:18,1,1,0
BRDA:29,2,0,1
BRF:5
BRH:3
end_of_record
TN:
SF:src\parsers\jsonparser.ts
FN:4,parseJSON
FNF:1
FNH:1
FNDA:3,parseJSON
DA:1,1
DA:4,1
DA:5,3
DA:6,3
DA:7,3
DA:9,2
LF:6
LH:6
BRF:0
BRH:0
end_of_record
TN:
SF:src\parsers\xmlparser.ts
FN:5,parseXML
FNF:1
FNH:1
FNDA:3,parseXML
DA:1,1
DA:3,1
DA:5,1
DA:6,3
DA:7,3
DA:8,3
DA:9,1
DA:11,2
LF:8
LH:8
BRF:0
BRH:0
end_of_record
TN:
SF:src\util\logger.ts
FN:26,(anonymous_1)
FNF:1
FNH:1
FNDA:1,(anonymous_1)
DA:1,1
DA:2,1
DA:3,1
DA:4,1
DA:6,1
DA:7,1
DA:10,1
DA:11,0
DA:15,1
DA:22,1
DA:27,1
DA:34,1
DA:53,1
LF:13
LH:12
BRDA:10,0,0,0
BRDA:27,1,0,0
BRDA:27,1,1,1
BRDA:35,2,0,0
BRDA:35,2,1,1
BRDA:40,3,0,0
BRDA:40,3,1,1
BRF:7
BRH:3
end_of_record
